setting 'ivy.default.settings.dir' to 'jar:file:/D:/Coding/yabe-lift/sbt-launch-0.10.1.jar!/org/apache/ivy/core/settings'
setting 'ivy.basedir' to 'D:\Coding\yabe-lift\.'
setting 'ivy.default.conf.dir' to 'jar:file:/D:/Coding/yabe-lift/sbt-launch-0.10.1.jar!/org/apache/ivy/core/settings'
impossible to define new type: class not found: org.apache.ivy.plugins.version.PatternVersionMatcher in [] nor Ivy classloader
impossible to define new type: class not found: org.apache.ivy.plugins.trigger.LogTrigger in [] nor Ivy classloader
impossible to define new type: class not found: org.apache.ivy.plugins.resolver.DualResolver in [] nor Ivy classloader
impossible to define new type: class not found: org.apache.ivy.plugins.resolver.VsftpResolver in [] nor Ivy classloader
impossible to define new type: class not found: org.apache.ivy.plugins.conflict.RegexpConflictManager in [] nor Ivy classloader
impossible to define new type: class not found: org.apache.ivy.plugins.resolver.SshResolver in [] nor Ivy classloader
impossible to define new type: class not found: org.apache.ivy.plugins.resolver.VfsResolver in [] nor Ivy classloader
impossible to define new type: class not found: org.apache.ivy.plugins.signer.bouncycastle.OpenPGPSignatureGenerator in [] nor Ivy classloader
impossible to define new type: class not found: org.apache.ivy.plugins.resolver.SFTPResolver in [] nor Ivy classloader
impossible to define new type: class not found: org.apache.ivy.plugins.resolver.packager.PackagerResolver in [] nor Ivy classloader
impossible to define new type: class not found: org.apache.ivy.ant.AntCallTrigger in [] nor Ivy classloader
impossible to define new type: class not found: org.apache.ivy.plugins.resolver.IvyRepResolver in [] nor Ivy classloader
impossible to define new type: class not found: org.apache.ivy.ant.AntBuildTrigger in [] nor Ivy classloader
impossible to define glob matcher: org.apache.ivy.plugins.matcher.GlobPatternMatcher was not found.
setting 'java.runtime.name' to 'Java(TM) SE Runtime Environment'
setting 'sun.boot.library.path' to 'C:\Program Files\Java\jre6\bin'
setting 'java.vm.version' to '17.0-b17'
setting 'java.vm.vendor' to 'Sun Microsystems Inc.'
setting 'java.vendor.url' to 'http://java.sun.com/'
setting 'path.separator' to ';'
setting 'java.vm.name' to 'Java HotSpot(TM) Client VM'
setting 'file.encoding.pkg' to 'sun.io'
setting 'sun.java.launcher' to 'SUN_STANDARD'
setting 'user.country' to 'HK'
setting 'sun.os.patch.level' to ''
setting 'java.vm.specification.name' to 'Java Virtual Machine Specification'
setting 'user.dir' to 'D:\Coding\yabe-lift'
setting 'java.runtime.version' to '1.6.0_21-b07'
setting 'java.awt.graphicsenv' to 'sun.awt.Win32GraphicsEnvironment'
setting 'java.endorsed.dirs' to 'C:\Program Files\Java\jre6\lib\endorsed'
setting 'os.arch' to 'x86'
setting 'java.io.tmpdir' to 'C:\Users\PKUFAS~1\AppData\Local\Temp\'
setting 'line.separator' to '
'
setting 'java.vm.specification.vendor' to 'Sun Microsystems Inc.'
setting 'user.variant' to ''
setting 'os.name' to 'Windows 7'
setting 'sun.jnu.encoding' to 'GBK'
setting 'java.library.path' to 'C:\Windows\system32;.;C:\Windows\Sun\Java\bin;C:\Windows\system32;C:\Windows;C:\Program Files\Common Files\Microsoft Shared\Windows Live;C:\Windows\system32;C:\Windows;C:\Windows\System32\Wbem;C:\Windows\System32\WindowsPowerShell\v1.0\;C:\Program Files\ThinkPad\Bluetooth Software\;C:\Program Files\Common Files\Lenovo;C:\Program Files\Lenovo\Access Connections\;C:\Program Files\Lenovo\Client Security Solution;C:\Program Files\QT Lite\QTSystem;C:\Program Files\Common Files\Thunder Network\KanKan\Codecs;d:\Program Files\Bitvise Tunnelier;D:\Program Files\MySQL\MySQL Server 5.1\bin;C:\Program Files\Windows Live\Shared;C:\Program Files\Common Files\TTKN\Bin;C:\Program Files\Microsoft SQL Server\100\Tools\Binn\;C:\Program Files\Microsoft SQL Server\100\DTS\Binn\;C:\Program Files\Microsoft SQL Server\100\Tools\Binn\VSShell\Common7\IDE\;C:\Program Files\Microsoft ASP.NET\ASP.NET Web Pages\v1.0\;D:\Program Files\TortoiseSVN\bin;C:\Program Files\QT Lite\QTSystem\;D:\Program Files\TortoiseGit\bin;d:\Program Files\Tesseract-OCR;d:\Program Files\Tesseract-OCR\training;d:\Program Files\SSH Communications Security\SSH Secure Shell;C:\Program Files\Java\jdk1.6.0_21\bin;D:\Program Files\scala-2.8.0.final\\bin;D:\Program Files\sbt;D:\Coding\play-1.1;D:\Program Files\apache-ant-1.8.2\bin;'
setting 'java.specification.name' to 'Java Platform API Specification'
setting 'java.class.version' to '50.0'
setting 'sun.management.compiler' to 'HotSpot Client Compiler'
setting 'os.version' to '6.1'
setting 'user.home' to 'C:\Users\pkufashuo400'
setting 'user.timezone' to 'Asia/Shanghai'
setting 'java.awt.printerjob' to 'sun.awt.windows.WPrinterJob'
setting 'file.encoding' to 'MS950'
setting 'java.specification.version' to '1.6'
setting 'java.class.path' to 'D:\Coding\yabe-lift\sbt-launch-0.10.1.jar'
setting 'user.name' to 'pkufashuo400'
setting 'java.vm.specification.version' to '1.0'
setting 'java.home' to 'C:\Program Files\Java\jre6'
setting 'sun.arch.data.model' to '32'
setting 'user.language' to 'zh'
setting 'java.specification.vendor' to 'Sun Microsystems Inc.'
setting 'awt.toolkit' to 'sun.awt.windows.WToolkit'
setting 'java.vm.info' to 'mixed mode'
setting 'java.version' to '1.6.0_21'
setting 'java.ext.dirs' to 'C:\Program Files\Java\jre6\lib\ext;C:\Windows\Sun\Java\lib\ext'
setting 'sun.boot.class.path' to 'C:\Program Files\Java\jre6\lib\resources.jar;C:\Program Files\Java\jre6\lib\rt.jar;C:\Program Files\Java\jre6\lib\sunrsasign.jar;C:\Program Files\Java\jre6\lib\jsse.jar;C:\Program Files\Java\jre6\lib\jce.jar;C:\Program Files\Java\jre6\lib\charsets.jar;C:\Program Files\Java\jre6\classes'
setting 'java.vendor' to 'Sun Microsystems Inc.'
setting 'file.separator' to '\'
setting 'java.vendor.url.bug' to 'http://java.sun.com/cgi-bin/bugreport.cgi'
setting 'sun.io.unicode.encoding' to 'UnicodeLittle'
setting 'sun.cpu.endian' to 'little'
setting 'sun.desktop' to 'windows'
setting 'sun.cpu.isalist' to 'pentium_pro+mmx pentium_pro pentium+mmx pentium i486 i386 i86'
setting 'ivy.default.ivy.user.dir' to 'C:\Users\pkufashuo400\.ivy2'
setting 'ivy.home' to 'C:\Users\pkufashuo400\.ivy2'
setting 'ivy.cache.dir' to 'C:\Users\pkufashuo400\.ivy2\cache'
no default cache defined: set to C:\Users\pkufashuo400\.ivy2\cache
setting 'ivy.checksums' to 'sha1,md5'
setting 'ivy.basedir' to 'D:\Coding\yabe-lift\project\boot'
setting 'basedir' to 'D:\Coding\yabe-lift\project\boot'
setting 'scala' to '2.9.0'
:: resolving dependencies :: org.scala-tools.sbt#boot-scala;1.0
	confs: [default]
	validate = true
	refresh = false
resolving dependencies for configuration 'default'
== resolving dependencies for org.scala-tools.sbt#boot-scala;1.0 [default]
loadData of org.scala-tools.sbt#boot-scala;1.0 of rootConf=default
== resolving dependencies org.scala-tools.sbt#boot-scala;1.0->org.scala-lang#scala-compiler;2.9.0 [default->default]
loadData of org.scala-lang#scala-compiler;2.9.0 of rootConf=default
	using redefined-public to resolve org.scala-lang#scala-compiler;2.9.0
redefined-public: Checking cache for: dependency: org.scala-lang#scala-compiler;2.9.0 {default=[default, optional(default)]}
redefined-public: no namespace defined: using system
	no ivy file in cache for org.scala-lang#scala-compiler;2.9.0: tried C:\Users\pkufashuo400\.ivy2\cache\org.scala-lang\scala-compiler\ivy-2.9.0.xml
redefined-public: no latest strategy defined: using default
local: no namespace defined: using system
	no ivy file in cache for org.scala-lang#scala-compiler;2.9.0: tried C:\Users\pkufashuo400\.ivy2\cache\org.scala-lang\scala-compiler\ivy-2.9.0.xml
	 trying C:\Users\pkufashuo400\.ivy2/local/org.scala-lang/scala-compiler/2.9.0/ivys/ivy.xml
		tried C:\Users\pkufashuo400\.ivy2/local/org.scala-lang/scala-compiler/2.9.0/ivys/ivy.xml
	local: resource not reachable for org.scala-lang#scala-compiler;2.9.0: res=C:\Users\pkufashuo400\.ivy2\local\org.scala-lang\scala-compiler\2.9.0\ivys\ivy.xml
	 trying C:\Users\pkufashuo400\.ivy2/local/org.scala-lang/scala-compiler/2.9.0/jars/scala-compiler.jar
		tried C:\Users\pkufashuo400\.ivy2/local/org.scala-lang/scala-compiler/2.9.0/jars/scala-compiler.jar
	local: resource not reachable for org.scala-lang#scala-compiler;2.9.0: res=C:\Users\pkufashuo400\.ivy2\local\org.scala-lang\scala-compiler\2.9.0\jars\scala-compiler.jar
	local: no ivy file nor artifact found for org.scala-lang#scala-compiler;2.9.0
Maven2 Local: no namespace defined: using system
	no ivy file in cache for org.scala-lang#scala-compiler;2.9.0: tried C:\Users\pkufashuo400\.ivy2\cache\org.scala-lang\scala-compiler\ivy-2.9.0.xml
	 trying file://C:\Users\pkufashuo400/.m2/repository/org/scala-lang/scala-compiler/2.9.0/scala-compiler-2.9.0.pom
		tried file://C:\Users\pkufashuo400/.m2/repository/org/scala-lang/scala-compiler/2.9.0/scala-compiler-2.9.0.pom
	Maven2 Local: resource not reachable for org/scala-lang#scala-compiler;2.9.0: res=file://C:/Users/pkufashuo400/.m2/repository/org/scala-lang/scala-compiler/2.9.0/scala-compiler-2.9.0.pom
	 trying file://C:\Users\pkufashuo400/.m2/repository/org/scala-lang/scala-compiler/2.9.0/scala-compiler-2.9.0.jar
		tried file://C:\Users\pkufashuo400/.m2/repository/org/scala-lang/scala-compiler/2.9.0/scala-compiler-2.9.0.jar
	Maven2 Local: resource not reachable for org/scala-lang#scala-compiler;2.9.0: res=file://C:/Users/pkufashuo400/.m2/repository/org/scala-lang/scala-compiler/2.9.0/scala-compiler-2.9.0.jar
	Maven2 Local: no ivy file nor artifact found for org.scala-lang#scala-compiler;2.9.0
typesafe-ivy-releases: no namespace defined: using system
	no ivy file in cache for org.scala-lang#scala-compiler;2.9.0: tried C:\Users\pkufashuo400\.ivy2\cache\org.scala-lang\scala-compiler\ivy-2.9.0.xml
	 trying http://repo.typesafe.com/typesafe/ivy-releases/org.scala-lang/scala-compiler/2.9.0/ivys/ivy.xml
		tried http://repo.typesafe.com/typesafe/ivy-releases/org.scala-lang/scala-compiler/2.9.0/ivys/ivy.xml
HTTP response status: 404 url=http://repo.typesafe.com/typesafe/ivy-releases/org.scala-lang/scala-compiler/2.9.0/ivys/ivy.xml
CLIENT ERROR: Not Found url=http://repo.typesafe.com/typesafe/ivy-releases/org.scala-lang/scala-compiler/2.9.0/ivys/ivy.xml
	typesafe-ivy-releases: resource not reachable for org.scala-lang#scala-compiler;2.9.0: res=http://repo.typesafe.com/typesafe/ivy-releases/org.scala-lang/scala-compiler/2.9.0/ivys/ivy.xml
	 trying http://repo.typesafe.com/typesafe/ivy-releases/org.scala-lang/scala-compiler/2.9.0/jars/scala-compiler.jar
		tried http://repo.typesafe.com/typesafe/ivy-releases/org.scala-lang/scala-compiler/2.9.0/jars/scala-compiler.jar
HTTP response status: 404 url=http://repo.typesafe.com/typesafe/ivy-releases/org.scala-lang/scala-compiler/2.9.0/jars/scala-compiler.jar
CLIENT ERROR: Not Found url=http://repo.typesafe.com/typesafe/ivy-releases/org.scala-lang/scala-compiler/2.9.0/jars/scala-compiler.jar
	typesafe-ivy-releases: resource not reachable for org.scala-lang#scala-compiler;2.9.0: res=http://repo.typesafe.com/typesafe/ivy-releases/org.scala-lang/scala-compiler/2.9.0/jars/scala-compiler.jar
	typesafe-ivy-releases: no ivy file nor artifact found for org.scala-lang#scala-compiler;2.9.0
Maven Central: no namespace defined: using system
	no ivy file in cache for org.scala-lang#scala-compiler;2.9.0: tried C:\Users\pkufashuo400\.ivy2\cache\org.scala-lang\scala-compiler\ivy-2.9.0.xml
	 trying http://repo1.maven.org/maven2/org/scala-lang/scala-compiler/2.9.0/scala-compiler-2.9.0.pom
		tried http://repo1.maven.org/maven2/org/scala-lang/scala-compiler/2.9.0/scala-compiler-2.9.0.pom
	Maven Central: found md file for org.scala-lang#scala-compiler;2.9.0
		=> http://repo1.maven.org/maven2/org/scala-lang/scala-compiler/2.9.0/scala-compiler-2.9.0.pom (2.9.0)
	parser = pom parser
	no ivy file in cache for org.scala-lang#scala-compiler;2.9.0: tried C:\Users\pkufashuo400\.ivy2\cache\org.scala-lang\scala-compiler\ivy-2.9.0.xml
downloading http://repo1.maven.org/maven2/org/scala-lang/scala-compiler/2.9.0/scala-compiler-2.9.0.pom ...
	Maven Central: downloading http://repo1.maven.org/maven2/org/scala-lang/scala-compiler/2.9.0/scala-compiler-2.9.0.pom
		to C:\Users\pkufashuo400\.ivy2\cache\org.scala-lang\scala-compiler\ivy-2.9.0.xml.original.part
sha1 file found for http://repo1.maven.org/maven2/org/scala-lang/scala-compiler/2.9.0/scala-compiler-2.9.0.pom: checking...
	Maven Central: downloading http://repo1.maven.org/maven2/org/scala-lang/scala-compiler/2.9.0/scala-compiler-2.9.0.pom.sha1
		to C:\Users\PKUFAS~1\AppData\Local\Temp\ivytmp6158817933037629085sha1
sha1 OK for http://repo1.maven.org/maven2/org/scala-lang/scala-compiler/2.9.0/scala-compiler-2.9.0.pom
	[SUCCESSFUL ] org.scala-lang#scala-compiler;2.9.0!scala-compiler.pom(pom.original) (1082ms)
	 trying C:\Users\pkufashuo400\.ivy2/local/org.scala-lang/scala-compiler/2.9.0/jars/scala-compiler.jar
		tried C:\Users\pkufashuo400\.ivy2/local/org.scala-lang/scala-compiler/2.9.0/jars/scala-compiler.jar
	local: resource not reachable for org.scala-lang#scala-compiler;2.9.0: res=C:\Users\pkufashuo400\.ivy2\local\org.scala-lang\scala-compiler\2.9.0\jars\scala-compiler.jar
	 trying file://C:\Users\pkufashuo400/.m2/repository/org/scala-lang/scala-compiler/2.9.0/scala-compiler-2.9.0.jar
		tried file://C:\Users\pkufashuo400/.m2/repository/org/scala-lang/scala-compiler/2.9.0/scala-compiler-2.9.0.jar
	Maven2 Local: resource not reachable for org/scala-lang#scala-compiler;2.9.0: res=file://C:/Users/pkufashuo400/.m2/repository/org/scala-lang/scala-compiler/2.9.0/scala-compiler-2.9.0.jar
	 trying http://repo.typesafe.com/typesafe/ivy-releases/org.scala-lang/scala-compiler/2.9.0/jars/scala-compiler.jar
		tried http://repo.typesafe.com/typesafe/ivy-releases/org.scala-lang/scala-compiler/2.9.0/jars/scala-compiler.jar
	typesafe-ivy-releases: resource not reachable for org.scala-lang#scala-compiler;2.9.0: res=http://repo.typesafe.com/typesafe/ivy-releases/org.scala-lang/scala-compiler/2.9.0/jars/scala-compiler.jar
	 trying http://repo1.maven.org/maven2/org/scala-lang/scala-compiler/2.9.0/scala-compiler-2.9.0.jar
		tried http://repo1.maven.org/maven2/org/scala-lang/scala-compiler/2.9.0/scala-compiler-2.9.0.jar
no source artifact found for org.scala-lang#scala-compiler;2.9.0
no javadoc artifact found for org.scala-lang#scala-compiler;2.9.0
	default-cache: parsed downloaded md file for org.scala-lang#scala-compiler;2.9.0; parsed=org.scala-lang#scala-compiler;2.9.0
	checking org.scala-lang#scala-compiler;2.9.0 from Maven Central against [none]
	module revision kept as first found: org.scala-lang#scala-compiler;2.9.0 from Maven Central
	found org.scala-lang#scala-compiler;2.9.0 in Maven Central
== resolving dependencies org.scala-tools.sbt#boot-scala;1.0->org.scala-lang#scala-compiler;2.9.0 [default->runtime]
loadData of org.scala-lang#scala-compiler;2.9.0 of rootConf=default
== resolving dependencies org.scala-tools.sbt#boot-scala;1.0->org.scala-lang#scala-compiler;2.9.0 [default->compile]
loadData of org.scala-lang#scala-compiler;2.9.0 of rootConf=default
== resolving dependencies org.scala-lang#scala-compiler;2.9.0->org.scala-lang#scala-library;2.9.0 [compile->master(*)]
loadData of org.scala-lang#scala-library;2.9.0 of rootConf=default
	using redefined-public to resolve org.scala-lang#scala-library;2.9.0
redefined-public: Checking cache for: dependency: org.scala-lang#scala-library;2.9.0 {compile=[compile(*), master(*)], runtime=[runtime(*)]}
	no ivy file in cache for org.scala-lang#scala-library;2.9.0: tried C:\Users\pkufashuo400\.ivy2\cache\org.scala-lang\scala-library\ivy-2.9.0.xml
	no ivy file in cache for org.scala-lang#scala-library;2.9.0: tried C:\Users\pkufashuo400\.ivy2\cache\org.scala-lang\scala-library\ivy-2.9.0.xml
	 trying C:\Users\pkufashuo400\.ivy2/local/org.scala-lang/scala-library/2.9.0/ivys/ivy.xml
		tried C:\Users\pkufashuo400\.ivy2/local/org.scala-lang/scala-library/2.9.0/ivys/ivy.xml
	local: resource not reachable for org.scala-lang#scala-library;2.9.0: res=C:\Users\pkufashuo400\.ivy2\local\org.scala-lang\scala-library\2.9.0\ivys\ivy.xml
	 trying C:\Users\pkufashuo400\.ivy2/local/org.scala-lang/scala-library/2.9.0/jars/scala-library.jar
		tried C:\Users\pkufashuo400\.ivy2/local/org.scala-lang/scala-library/2.9.0/jars/scala-library.jar
	local: resource not reachable for org.scala-lang#scala-library;2.9.0: res=C:\Users\pkufashuo400\.ivy2\local\org.scala-lang\scala-library\2.9.0\jars\scala-library.jar
	local: no ivy file nor artifact found for org.scala-lang#scala-library;2.9.0
	no ivy file in cache for org.scala-lang#scala-library;2.9.0: tried C:\Users\pkufashuo400\.ivy2\cache\org.scala-lang\scala-library\ivy-2.9.0.xml
	 trying file://C:\Users\pkufashuo400/.m2/repository/org/scala-lang/scala-library/2.9.0/scala-library-2.9.0.pom
		tried file://C:\Users\pkufashuo400/.m2/repository/org/scala-lang/scala-library/2.9.0/scala-library-2.9.0.pom
	Maven2 Local: resource not reachable for org/scala-lang#scala-library;2.9.0: res=file://C:/Users/pkufashuo400/.m2/repository/org/scala-lang/scala-library/2.9.0/scala-library-2.9.0.pom
	 trying file://C:\Users\pkufashuo400/.m2/repository/org/scala-lang/scala-library/2.9.0/scala-library-2.9.0.jar
		tried file://C:\Users\pkufashuo400/.m2/repository/org/scala-lang/scala-library/2.9.0/scala-library-2.9.0.jar
	Maven2 Local: resource not reachable for org/scala-lang#scala-library;2.9.0: res=file://C:/Users/pkufashuo400/.m2/repository/org/scala-lang/scala-library/2.9.0/scala-library-2.9.0.jar
	Maven2 Local: no ivy file nor artifact found for org.scala-lang#scala-library;2.9.0
	no ivy file in cache for org.scala-lang#scala-library;2.9.0: tried C:\Users\pkufashuo400\.ivy2\cache\org.scala-lang\scala-library\ivy-2.9.0.xml
	 trying http://repo.typesafe.com/typesafe/ivy-releases/org.scala-lang/scala-library/2.9.0/ivys/ivy.xml
		tried http://repo.typesafe.com/typesafe/ivy-releases/org.scala-lang/scala-library/2.9.0/ivys/ivy.xml
HTTP response status: 404 url=http://repo.typesafe.com/typesafe/ivy-releases/org.scala-lang/scala-library/2.9.0/ivys/ivy.xml
CLIENT ERROR: Not Found url=http://repo.typesafe.com/typesafe/ivy-releases/org.scala-lang/scala-library/2.9.0/ivys/ivy.xml
	typesafe-ivy-releases: resource not reachable for org.scala-lang#scala-library;2.9.0: res=http://repo.typesafe.com/typesafe/ivy-releases/org.scala-lang/scala-library/2.9.0/ivys/ivy.xml
	 trying http://repo.typesafe.com/typesafe/ivy-releases/org.scala-lang/scala-library/2.9.0/jars/scala-library.jar
		tried http://repo.typesafe.com/typesafe/ivy-releases/org.scala-lang/scala-library/2.9.0/jars/scala-library.jar
HTTP response status: 404 url=http://repo.typesafe.com/typesafe/ivy-releases/org.scala-lang/scala-library/2.9.0/jars/scala-library.jar
CLIENT ERROR: Not Found url=http://repo.typesafe.com/typesafe/ivy-releases/org.scala-lang/scala-library/2.9.0/jars/scala-library.jar
	typesafe-ivy-releases: resource not reachable for org.scala-lang#scala-library;2.9.0: res=http://repo.typesafe.com/typesafe/ivy-releases/org.scala-lang/scala-library/2.9.0/jars/scala-library.jar
	typesafe-ivy-releases: no ivy file nor artifact found for org.scala-lang#scala-library;2.9.0
	no ivy file in cache for org.scala-lang#scala-library;2.9.0: tried C:\Users\pkufashuo400\.ivy2\cache\org.scala-lang\scala-library\ivy-2.9.0.xml
	 trying http://repo1.maven.org/maven2/org/scala-lang/scala-library/2.9.0/scala-library-2.9.0.pom
		tried http://repo1.maven.org/maven2/org/scala-lang/scala-library/2.9.0/scala-library-2.9.0.pom
	Maven Central: found md file for org.scala-lang#scala-library;2.9.0
		=> http://repo1.maven.org/maven2/org/scala-lang/scala-library/2.9.0/scala-library-2.9.0.pom (2.9.0)
	parser = pom parser
	no ivy file in cache for org.scala-lang#scala-library;2.9.0: tried C:\Users\pkufashuo400\.ivy2\cache\org.scala-lang\scala-library\ivy-2.9.0.xml
downloading http://repo1.maven.org/maven2/org/scala-lang/scala-library/2.9.0/scala-library-2.9.0.pom ...
	Maven Central: downloading http://repo1.maven.org/maven2/org/scala-lang/scala-library/2.9.0/scala-library-2.9.0.pom
		to C:\Users\pkufashuo400\.ivy2\cache\org.scala-lang\scala-library\ivy-2.9.0.xml.original.part
sha1 file found for http://repo1.maven.org/maven2/org/scala-lang/scala-library/2.9.0/scala-library-2.9.0.pom: checking...
	Maven Central: downloading http://repo1.maven.org/maven2/org/scala-lang/scala-library/2.9.0/scala-library-2.9.0.pom.sha1
		to C:\Users\PKUFAS~1\AppData\Local\Temp\ivytmp3471932208798536638sha1
sha1 OK for http://repo1.maven.org/maven2/org/scala-lang/scala-library/2.9.0/scala-library-2.9.0.pom
	[SUCCESSFUL ] org.scala-lang#scala-library;2.9.0!scala-library.pom(pom.original) (1656ms)
	 trying C:\Users\pkufashuo400\.ivy2/local/org.scala-lang/scala-library/2.9.0/jars/scala-library.jar
		tried C:\Users\pkufashuo400\.ivy2/local/org.scala-lang/scala-library/2.9.0/jars/scala-library.jar
	local: resource not reachable for org.scala-lang#scala-library;2.9.0: res=C:\Users\pkufashuo400\.ivy2\local\org.scala-lang\scala-library\2.9.0\jars\scala-library.jar
	 trying file://C:\Users\pkufashuo400/.m2/repository/org/scala-lang/scala-library/2.9.0/scala-library-2.9.0.jar
		tried file://C:\Users\pkufashuo400/.m2/repository/org/scala-lang/scala-library/2.9.0/scala-library-2.9.0.jar
	Maven2 Local: resource not reachable for org/scala-lang#scala-library;2.9.0: res=file://C:/Users/pkufashuo400/.m2/repository/org/scala-lang/scala-library/2.9.0/scala-library-2.9.0.jar
	 trying http://repo.typesafe.com/typesafe/ivy-releases/org.scala-lang/scala-library/2.9.0/jars/scala-library.jar
		tried http://repo.typesafe.com/typesafe/ivy-releases/org.scala-lang/scala-library/2.9.0/jars/scala-library.jar
	typesafe-ivy-releases: resource not reachable for org.scala-lang#scala-library;2.9.0: res=http://repo.typesafe.com/typesafe/ivy-releases/org.scala-lang/scala-library/2.9.0/jars/scala-library.jar
	 trying http://repo1.maven.org/maven2/org/scala-lang/scala-library/2.9.0/scala-library-2.9.0.jar
		tried http://repo1.maven.org/maven2/org/scala-lang/scala-library/2.9.0/scala-library-2.9.0.jar
no source artifact found for org.scala-lang#scala-library;2.9.0
no javadoc artifact found for org.scala-lang#scala-library;2.9.0
	default-cache: parsed downloaded md file for org.scala-lang#scala-library;2.9.0; parsed=org.scala-lang#scala-library;2.9.0
	checking org.scala-lang#scala-library;2.9.0 from Maven Central against [none]
	module revision kept as first found: org.scala-lang#scala-library;2.9.0 from Maven Central
	found org.scala-lang#scala-library;2.9.0 in Maven Central
== resolving dependencies org.scala-lang#scala-compiler;2.9.0->org.scala-lang#scala-library;2.9.0 [compile->compile(*)]
loadData of org.scala-lang#scala-library;2.9.0 of rootConf=default
== resolving dependencies org.scala-lang#scala-compiler;2.9.0->org.scala-lang#scala-library;2.9.0 [compile->default]
loadData of org.scala-lang#scala-library;2.9.0 of rootConf=default
== resolving dependencies org.scala-lang#scala-compiler;2.9.0->org.scala-lang#scala-library;2.9.0 [compile->runtime]
loadData of org.scala-lang#scala-library;2.9.0 of rootConf=default
== resolving dependencies org.scala-lang#scala-compiler;2.9.0->org.scala-lang#scala-library;2.9.0 [compile->compile]
loadData of org.scala-lang#scala-library;2.9.0 of rootConf=default
== resolving dependencies org.scala-lang#scala-compiler;2.9.0->org.scala-lang#scala-library;2.9.0 [compile->master]
loadData of org.scala-lang#scala-library;2.9.0 of rootConf=default
== resolving dependencies org.scala-lang#scala-compiler;2.9.0->org.scala-lang#scala-library;2.9.0 [runtime->runtime(*)]
loadData of org.scala-lang#scala-library;2.9.0 of rootConf=default
== resolving dependencies org.scala-lang#scala-compiler;2.9.0->org.scala-lang#scala-library;2.9.0 [runtime->compile]
loadData of org.scala-lang#scala-library;2.9.0 of rootConf=default
default is loaded and no conf to load.  Skip loading
== resolving dependencies org.scala-tools.sbt#boot-scala;1.0->org.scala-lang#scala-compiler;2.9.0 [default->master]
loadData of org.scala-lang#scala-compiler;2.9.0 of rootConf=default
== resolving dependencies org.scala-tools.sbt#boot-scala;1.0->org.scala-lang#scala-compiler;2.9.0 [default->optional(default)]
loadData of org.scala-lang#scala-compiler;2.9.0 of rootConf=default
== resolving dependencies org.scala-lang#scala-compiler;2.9.0->org.scala-lang#jline;2.9.0 [optional->master(*)]
loadData of org.scala-lang#jline;2.9.0 of rootConf=default
	using redefined-public to resolve org.scala-lang#jline;2.9.0
redefined-public: Checking cache for: dependency: org.scala-lang#jline;2.9.0 {optional=[compile(*), master(*)]}
	no ivy file in cache for org.scala-lang#jline;2.9.0: tried C:\Users\pkufashuo400\.ivy2\cache\org.scala-lang\jline\ivy-2.9.0.xml
	no ivy file in cache for org.scala-lang#jline;2.9.0: tried C:\Users\pkufashuo400\.ivy2\cache\org.scala-lang\jline\ivy-2.9.0.xml
	 trying C:\Users\pkufashuo400\.ivy2/local/org.scala-lang/jline/2.9.0/ivys/ivy.xml
		tried C:\Users\pkufashuo400\.ivy2/local/org.scala-lang/jline/2.9.0/ivys/ivy.xml
	local: resource not reachable for org.scala-lang#jline;2.9.0: res=C:\Users\pkufashuo400\.ivy2\local\org.scala-lang\jline\2.9.0\ivys\ivy.xml
	 trying C:\Users\pkufashuo400\.ivy2/local/org.scala-lang/jline/2.9.0/jars/jline.jar
		tried C:\Users\pkufashuo400\.ivy2/local/org.scala-lang/jline/2.9.0/jars/jline.jar
	local: resource not reachable for org.scala-lang#jline;2.9.0: res=C:\Users\pkufashuo400\.ivy2\local\org.scala-lang\jline\2.9.0\jars\jline.jar
	local: no ivy file nor artifact found for org.scala-lang#jline;2.9.0
	no ivy file in cache for org.scala-lang#jline;2.9.0: tried C:\Users\pkufashuo400\.ivy2\cache\org.scala-lang\jline\ivy-2.9.0.xml
	 trying file://C:\Users\pkufashuo400/.m2/repository/org/scala-lang/jline/2.9.0/jline-2.9.0.pom
		tried file://C:\Users\pkufashuo400/.m2/repository/org/scala-lang/jline/2.9.0/jline-2.9.0.pom
	Maven2 Local: resource not reachable for org/scala-lang#jline;2.9.0: res=file://C:/Users/pkufashuo400/.m2/repository/org/scala-lang/jline/2.9.0/jline-2.9.0.pom
	 trying file://C:\Users\pkufashuo400/.m2/repository/org/scala-lang/jline/2.9.0/jline-2.9.0.jar
		tried file://C:\Users\pkufashuo400/.m2/repository/org/scala-lang/jline/2.9.0/jline-2.9.0.jar
	Maven2 Local: resource not reachable for org/scala-lang#jline;2.9.0: res=file://C:/Users/pkufashuo400/.m2/repository/org/scala-lang/jline/2.9.0/jline-2.9.0.jar
	Maven2 Local: no ivy file nor artifact found for org.scala-lang#jline;2.9.0
	no ivy file in cache for org.scala-lang#jline;2.9.0: tried C:\Users\pkufashuo400\.ivy2\cache\org.scala-lang\jline\ivy-2.9.0.xml
	 trying http://repo.typesafe.com/typesafe/ivy-releases/org.scala-lang/jline/2.9.0/ivys/ivy.xml
		tried http://repo.typesafe.com/typesafe/ivy-releases/org.scala-lang/jline/2.9.0/ivys/ivy.xml
HTTP response status: 404 url=http://repo.typesafe.com/typesafe/ivy-releases/org.scala-lang/jline/2.9.0/ivys/ivy.xml
CLIENT ERROR: Not Found url=http://repo.typesafe.com/typesafe/ivy-releases/org.scala-lang/jline/2.9.0/ivys/ivy.xml
	typesafe-ivy-releases: resource not reachable for org.scala-lang#jline;2.9.0: res=http://repo.typesafe.com/typesafe/ivy-releases/org.scala-lang/jline/2.9.0/ivys/ivy.xml
	 trying http://repo.typesafe.com/typesafe/ivy-releases/org.scala-lang/jline/2.9.0/jars/jline.jar
		tried http://repo.typesafe.com/typesafe/ivy-releases/org.scala-lang/jline/2.9.0/jars/jline.jar
HTTP response status: 404 url=http://repo.typesafe.com/typesafe/ivy-releases/org.scala-lang/jline/2.9.0/jars/jline.jar
CLIENT ERROR: Not Found url=http://repo.typesafe.com/typesafe/ivy-releases/org.scala-lang/jline/2.9.0/jars/jline.jar
	typesafe-ivy-releases: resource not reachable for org.scala-lang#jline;2.9.0: res=http://repo.typesafe.com/typesafe/ivy-releases/org.scala-lang/jline/2.9.0/jars/jline.jar
	typesafe-ivy-releases: no ivy file nor artifact found for org.scala-lang#jline;2.9.0
	no ivy file in cache for org.scala-lang#jline;2.9.0: tried C:\Users\pkufashuo400\.ivy2\cache\org.scala-lang\jline\ivy-2.9.0.xml
	 trying http://repo1.maven.org/maven2/org/scala-lang/jline/2.9.0/jline-2.9.0.pom
		tried http://repo1.maven.org/maven2/org/scala-lang/jline/2.9.0/jline-2.9.0.pom
	Maven Central: found md file for org.scala-lang#jline;2.9.0
		=> http://repo1.maven.org/maven2/org/scala-lang/jline/2.9.0/jline-2.9.0.pom (2.9.0)
	parser = pom parser
	no ivy file in cache for org.scala-lang#jline;2.9.0: tried C:\Users\pkufashuo400\.ivy2\cache\org.scala-lang\jline\ivy-2.9.0.xml
downloading http://repo1.maven.org/maven2/org/scala-lang/jline/2.9.0/jline-2.9.0.pom ...
	Maven Central: downloading http://repo1.maven.org/maven2/org/scala-lang/jline/2.9.0/jline-2.9.0.pom
		to C:\Users\pkufashuo400\.ivy2\cache\org.scala-lang\jline\ivy-2.9.0.xml.original.part
sha1 file found for http://repo1.maven.org/maven2/org/scala-lang/jline/2.9.0/jline-2.9.0.pom: checking...
	Maven Central: downloading http://repo1.maven.org/maven2/org/scala-lang/jline/2.9.0/jline-2.9.0.pom.sha1
		to C:\Users\PKUFAS~1\AppData\Local\Temp\ivytmp112060858157282025sha1
sha1 OK for http://repo1.maven.org/maven2/org/scala-lang/jline/2.9.0/jline-2.9.0.pom
	[SUCCESSFUL ] org.scala-lang#jline;2.9.0!jline.pom(pom.original) (3065ms)
	 trying C:\Users\pkufashuo400\.ivy2/local/org.scala-lang/jline/2.9.0/jars/jline.jar
		tried C:\Users\pkufashuo400\.ivy2/local/org.scala-lang/jline/2.9.0/jars/jline.jar
	local: resource not reachable for org.scala-lang#jline;2.9.0: res=C:\Users\pkufashuo400\.ivy2\local\org.scala-lang\jline\2.9.0\jars\jline.jar
	 trying file://C:\Users\pkufashuo400/.m2/repository/org/scala-lang/jline/2.9.0/jline-2.9.0.jar
		tried file://C:\Users\pkufashuo400/.m2/repository/org/scala-lang/jline/2.9.0/jline-2.9.0.jar
	Maven2 Local: resource not reachable for org/scala-lang#jline;2.9.0: res=file://C:/Users/pkufashuo400/.m2/repository/org/scala-lang/jline/2.9.0/jline-2.9.0.jar
	 trying http://repo.typesafe.com/typesafe/ivy-releases/org.scala-lang/jline/2.9.0/jars/jline.jar
		tried http://repo.typesafe.com/typesafe/ivy-releases/org.scala-lang/jline/2.9.0/jars/jline.jar
	typesafe-ivy-releases: resource not reachable for org.scala-lang#jline;2.9.0: res=http://repo.typesafe.com/typesafe/ivy-releases/org.scala-lang/jline/2.9.0/jars/jline.jar
	 trying http://repo1.maven.org/maven2/org/scala-lang/jline/2.9.0/jline-2.9.0.jar
		tried http://repo1.maven.org/maven2/org/scala-lang/jline/2.9.0/jline-2.9.0.jar
no source artifact found for org.scala-lang#jline;2.9.0
no javadoc artifact found for org.scala-lang#jline;2.9.0
	default-cache: parsed downloaded md file for org.scala-lang#jline;2.9.0; parsed=org.scala-lang#jline;2.9.0
	checking org.scala-lang#jline;2.9.0 from Maven Central against [none]
	module revision kept as first found: org.scala-lang#jline;2.9.0 from Maven Central
	found org.scala-lang#jline;2.9.0 in Maven Central
== resolving dependencies org.scala-lang#scala-compiler;2.9.0->org.scala-lang#jline;2.9.0 [optional->compile(*)]
loadData of org.scala-lang#jline;2.9.0 of rootConf=default
== resolving dependencies org.scala-lang#jline;2.9.0->org.fusesource.jansi#jansi;1.4 [compile->master(*)]
loadData of org.fusesource.jansi#jansi;1.4 of rootConf=default
	using redefined-public to resolve org.fusesource.jansi#jansi;1.4
redefined-public: Checking cache for: dependency: org.fusesource.jansi#jansi;1.4 {compile=[compile(*), master(*)], runtime=[runtime(*)]}
	no ivy file in cache for org.fusesource.jansi#jansi;1.4: tried C:\Users\pkufashuo400\.ivy2\cache\org.fusesource.jansi\jansi\ivy-1.4.xml
	no ivy file in cache for org.fusesource.jansi#jansi;1.4: tried C:\Users\pkufashuo400\.ivy2\cache\org.fusesource.jansi\jansi\ivy-1.4.xml
	 trying C:\Users\pkufashuo400\.ivy2/local/org.fusesource.jansi/jansi/1.4/ivys/ivy.xml
		tried C:\Users\pkufashuo400\.ivy2/local/org.fusesource.jansi/jansi/1.4/ivys/ivy.xml
	local: resource not reachable for org.fusesource.jansi#jansi;1.4: res=C:\Users\pkufashuo400\.ivy2\local\org.fusesource.jansi\jansi\1.4\ivys\ivy.xml
	 trying C:\Users\pkufashuo400\.ivy2/local/org.fusesource.jansi/jansi/1.4/jars/jansi.jar
		tried C:\Users\pkufashuo400\.ivy2/local/org.fusesource.jansi/jansi/1.4/jars/jansi.jar
	local: resource not reachable for org.fusesource.jansi#jansi;1.4: res=C:\Users\pkufashuo400\.ivy2\local\org.fusesource.jansi\jansi\1.4\jars\jansi.jar
	local: no ivy file nor artifact found for org.fusesource.jansi#jansi;1.4
	no ivy file in cache for org.fusesource.jansi#jansi;1.4: tried C:\Users\pkufashuo400\.ivy2\cache\org.fusesource.jansi\jansi\ivy-1.4.xml
	 trying file://C:\Users\pkufashuo400/.m2/repository/org/fusesource/jansi/jansi/1.4/jansi-1.4.pom
		tried file://C:\Users\pkufashuo400/.m2/repository/org/fusesource/jansi/jansi/1.4/jansi-1.4.pom
	Maven2 Local: resource not reachable for org/fusesource/jansi#jansi;1.4: res=file://C:/Users/pkufashuo400/.m2/repository/org/fusesource/jansi/jansi/1.4/jansi-1.4.pom
	 trying file://C:\Users\pkufashuo400/.m2/repository/org/fusesource/jansi/jansi/1.4/jansi-1.4.jar
		tried file://C:\Users\pkufashuo400/.m2/repository/org/fusesource/jansi/jansi/1.4/jansi-1.4.jar
	Maven2 Local: resource not reachable for org/fusesource/jansi#jansi;1.4: res=file://C:/Users/pkufashuo400/.m2/repository/org/fusesource/jansi/jansi/1.4/jansi-1.4.jar
	Maven2 Local: no ivy file nor artifact found for org.fusesource.jansi#jansi;1.4
	no ivy file in cache for org.fusesource.jansi#jansi;1.4: tried C:\Users\pkufashuo400\.ivy2\cache\org.fusesource.jansi\jansi\ivy-1.4.xml
	 trying http://repo.typesafe.com/typesafe/ivy-releases/org.fusesource.jansi/jansi/1.4/ivys/ivy.xml
		tried http://repo.typesafe.com/typesafe/ivy-releases/org.fusesource.jansi/jansi/1.4/ivys/ivy.xml
HTTP response status: 404 url=http://repo.typesafe.com/typesafe/ivy-releases/org.fusesource.jansi/jansi/1.4/ivys/ivy.xml
CLIENT ERROR: Not Found url=http://repo.typesafe.com/typesafe/ivy-releases/org.fusesource.jansi/jansi/1.4/ivys/ivy.xml
	typesafe-ivy-releases: resource not reachable for org.fusesource.jansi#jansi;1.4: res=http://repo.typesafe.com/typesafe/ivy-releases/org.fusesource.jansi/jansi/1.4/ivys/ivy.xml
	 trying http://repo.typesafe.com/typesafe/ivy-releases/org.fusesource.jansi/jansi/1.4/jars/jansi.jar
		tried http://repo.typesafe.com/typesafe/ivy-releases/org.fusesource.jansi/jansi/1.4/jars/jansi.jar
HTTP response status: 404 url=http://repo.typesafe.com/typesafe/ivy-releases/org.fusesource.jansi/jansi/1.4/jars/jansi.jar
CLIENT ERROR: Not Found url=http://repo.typesafe.com/typesafe/ivy-releases/org.fusesource.jansi/jansi/1.4/jars/jansi.jar
	typesafe-ivy-releases: resource not reachable for org.fusesource.jansi#jansi;1.4: res=http://repo.typesafe.com/typesafe/ivy-releases/org.fusesource.jansi/jansi/1.4/jars/jansi.jar
	typesafe-ivy-releases: no ivy file nor artifact found for org.fusesource.jansi#jansi;1.4
	no ivy file in cache for org.fusesource.jansi#jansi;1.4: tried C:\Users\pkufashuo400\.ivy2\cache\org.fusesource.jansi\jansi\ivy-1.4.xml
	 trying http://repo1.maven.org/maven2/org/fusesource/jansi/jansi/1.4/jansi-1.4.pom
		tried http://repo1.maven.org/maven2/org/fusesource/jansi/jansi/1.4/jansi-1.4.pom
	Maven Central: found md file for org.fusesource.jansi#jansi;1.4
		=> http://repo1.maven.org/maven2/org/fusesource/jansi/jansi/1.4/jansi-1.4.pom (1.4)
	parser = pom parser
	no ivy file in cache for org.fusesource.jansi#jansi;1.4: tried C:\Users\pkufashuo400\.ivy2\cache\org.fusesource.jansi\jansi\ivy-1.4.xml
downloading http://repo1.maven.org/maven2/org/fusesource/jansi/jansi/1.4/jansi-1.4.pom ...
	Maven Central: downloading http://repo1.maven.org/maven2/org/fusesource/jansi/jansi/1.4/jansi-1.4.pom
		to C:\Users\pkufashuo400\.ivy2\cache\org.fusesource.jansi\jansi\ivy-1.4.xml.original.part
sha1 file found for http://repo1.maven.org/maven2/org/fusesource/jansi/jansi/1.4/jansi-1.4.pom: checking...
	Maven Central: downloading http://repo1.maven.org/maven2/org/fusesource/jansi/jansi/1.4/jansi-1.4.pom.sha1
		to C:\Users\PKUFAS~1\AppData\Local\Temp\ivytmp3662723912796369048sha1
sha1 OK for http://repo1.maven.org/maven2/org/fusesource/jansi/jansi/1.4/jansi-1.4.pom
	[SUCCESSFUL ] org.fusesource.jansi#jansi;1.4!jansi.pom(pom.original) (3124ms)
	 trying C:\Users\pkufashuo400\.ivy2/local/org.fusesource.jansi/jansi/1.4/jars/jansi.jar
		tried C:\Users\pkufashuo400\.ivy2/local/org.fusesource.jansi/jansi/1.4/jars/jansi.jar
	local: resource not reachable for org.fusesource.jansi#jansi;1.4: res=C:\Users\pkufashuo400\.ivy2\local\org.fusesource.jansi\jansi\1.4\jars\jansi.jar
	 trying file://C:\Users\pkufashuo400/.m2/repository/org/fusesource/jansi/jansi/1.4/jansi-1.4.jar
		tried file://C:\Users\pkufashuo400/.m2/repository/org/fusesource/jansi/jansi/1.4/jansi-1.4.jar
	Maven2 Local: resource not reachable for org/fusesource/jansi#jansi;1.4: res=file://C:/Users/pkufashuo400/.m2/repository/org/fusesource/jansi/jansi/1.4/jansi-1.4.jar
	 trying http://repo.typesafe.com/typesafe/ivy-releases/org.fusesource.jansi/jansi/1.4/jars/jansi.jar
		tried http://repo.typesafe.com/typesafe/ivy-releases/org.fusesource.jansi/jansi/1.4/jars/jansi.jar
	typesafe-ivy-releases: resource not reachable for org.fusesource.jansi#jansi;1.4: res=http://repo.typesafe.com/typesafe/ivy-releases/org.fusesource.jansi/jansi/1.4/jars/jansi.jar
	 trying http://repo1.maven.org/maven2/org/fusesource/jansi/jansi/1.4/jansi-1.4.jar
		tried http://repo1.maven.org/maven2/org/fusesource/jansi/jansi/1.4/jansi-1.4.jar
no source artifact found for org.fusesource.jansi#jansi;1.4
no javadoc artifact found for org.fusesource.jansi#jansi;1.4
	default-cache: parsed downloaded md file for org.fusesource.jansi#jansi;1.4; parsed=org.fusesource.jansi#jansi;1.4
	checking org.fusesource.jansi#jansi;1.4 from Maven Central against [none]
	module revision kept as first found: org.fusesource.jansi#jansi;1.4 from Maven Central
	found org.fusesource.jansi#jansi;1.4 in Maven Central
== resolving dependencies org.scala-lang#jline;2.9.0->org.fusesource.jansi#jansi;1.4 [compile->compile(*)]
loadData of org.fusesource.jansi#jansi;1.4 of rootConf=default
== resolving dependencies org.scala-tools.sbt#boot-scala;1.0->org.scala-lang#scala-library;2.9.0 [default->default]
loadData of org.scala-lang#scala-library;2.9.0 of rootConf=default
default is loaded and no conf to load.  Skip loading
== resolving dependencies org.scala-tools.sbt#boot-scala;1.0->org.scala-lang#scala-library;2.9.0 [default->runtime]
loadData of org.scala-lang#scala-library;2.9.0 of rootConf=default
default is loaded and no conf to load.  Skip loading
== resolving dependencies org.scala-tools.sbt#boot-scala;1.0->org.scala-lang#scala-library;2.9.0 [default->compile]
loadData of org.scala-lang#scala-library;2.9.0 of rootConf=default
default is loaded and no conf to load.  Skip loading
== resolving dependencies org.scala-tools.sbt#boot-scala;1.0->org.scala-lang#scala-library;2.9.0 [default->master]
loadData of org.scala-lang#scala-library;2.9.0 of rootConf=default
default is loaded and no conf to load.  Skip loading
Nbr of module to sort : 4
Sort dependencies of : org.scala-lang#scala-compiler;2.9.0 / Number of dependencies = 2
Sort dependencies of : org.scala-lang#scala-library;2.9.0 / Number of dependencies = 0
Sort done for : org.scala-lang#scala-library;2.9.0
Sort dependencies of : org.scala-lang#jline;2.9.0 / Number of dependencies = 1
Sort dependencies of : org.fusesource.jansi#jansi;1.4 / Number of dependencies = 1
Sort done for : org.fusesource.jansi#jansi;1.4
Sort done for : org.scala-lang#jline;2.9.0
Sort done for : org.scala-lang#scala-compiler;2.9.0
Module descriptor is processed : org.scala-lang#scala-library;2.9.0
Module descriptor is processed : org.scala-lang#jline;2.9.0
Module descriptor is processed : org.fusesource.jansi#jansi;1.4
	resolved ivy file produced in C:\Users\pkufashuo400\.ivy2\cache\resolved-org.scala-tools.sbt-boot-scala-1.0.xml
:: downloading artifacts ::
	 trying http://repo1.maven.org/maven2/org/scala-lang/scala-compiler/2.9.0/scala-compiler-2.9.0.jar
		tried http://repo1.maven.org/maven2/org/scala-lang/scala-compiler/2.9.0/scala-compiler-2.9.0.jar
downloading http://repo1.maven.org/maven2/org/scala-lang/scala-compiler/2.9.0/scala-compiler-2.9.0.jar ...
	Maven Central: downloading http://repo1.maven.org/maven2/org/scala-lang/scala-compiler/2.9.0/scala-compiler-2.9.0.jar
		to C:\Users\pkufashuo400\.ivy2\cache\org.scala-lang\scala-compiler\jars\scala-compiler-2.9.0.jar.part
sha1 file found for http://repo1.maven.org/maven2/org/scala-lang/scala-compiler/2.9.0/scala-compiler-2.9.0.jar: checking...
	Maven Central: downloading http://repo1.maven.org/maven2/org/scala-lang/scala-compiler/2.9.0/scala-compiler-2.9.0.jar.sha1
		to C:\Users\PKUFAS~1\AppData\Local\Temp\ivytmp3725418784953228174sha1
sha1 OK for http://repo1.maven.org/maven2/org/scala-lang/scala-compiler/2.9.0/scala-compiler-2.9.0.jar
	[SUCCESSFUL ] org.scala-lang#scala-compiler;2.9.0!scala-compiler.jar (96384ms)
	 trying http://repo1.maven.org/maven2/org/scala-lang/scala-library/2.9.0/scala-library-2.9.0.jar
		tried http://repo1.maven.org/maven2/org/scala-lang/scala-library/2.9.0/scala-library-2.9.0.jar
downloading http://repo1.maven.org/maven2/org/scala-lang/scala-library/2.9.0/scala-library-2.9.0.jar ...
	Maven Central: downloading http://repo1.maven.org/maven2/org/scala-lang/scala-library/2.9.0/scala-library-2.9.0.jar
		to C:\Users\pkufashuo400\.ivy2\cache\org.scala-lang\scala-library\jars\scala-library-2.9.0.jar.part
sha1 file found for http://repo1.maven.org/maven2/org/scala-lang/scala-library/2.9.0/scala-library-2.9.0.jar: checking...
	Maven Central: downloading http://repo1.maven.org/maven2/org/scala-lang/scala-library/2.9.0/scala-library-2.9.0.jar.sha1
		to C:\Users\PKUFAS~1\AppData\Local\Temp\ivytmp3004853354053013131sha1
sha1 OK for http://repo1.maven.org/maven2/org/scala-lang/scala-library/2.9.0/scala-library-2.9.0.jar
	[SUCCESSFUL ] org.scala-lang#scala-library;2.9.0!scala-library.jar (77876ms)
	 trying http://repo1.maven.org/maven2/org/scala-lang/jline/2.9.0/jline-2.9.0.jar
		tried http://repo1.maven.org/maven2/org/scala-lang/jline/2.9.0/jline-2.9.0.jar
downloading http://repo1.maven.org/maven2/org/scala-lang/jline/2.9.0/jline-2.9.0.jar ...
	Maven Central: downloading http://repo1.maven.org/maven2/org/scala-lang/jline/2.9.0/jline-2.9.0.jar
		to C:\Users\pkufashuo400\.ivy2\cache\org.scala-lang\jline\jars\jline-2.9.0.jar.part
sha1 file found for http://repo1.maven.org/maven2/org/scala-lang/jline/2.9.0/jline-2.9.0.jar: checking...
	Maven Central: downloading http://repo1.maven.org/maven2/org/scala-lang/jline/2.9.0/jline-2.9.0.jar.sha1
		to C:\Users\PKUFAS~1\AppData\Local\Temp\ivytmp3160297088187371825sha1
sha1 OK for http://repo1.maven.org/maven2/org/scala-lang/jline/2.9.0/jline-2.9.0.jar
	[SUCCESSFUL ] org.scala-lang#jline;2.9.0!jline.jar (5946ms)
	 trying http://repo1.maven.org/maven2/org/fusesource/jansi/jansi/1.4/jansi-1.4.jar
		tried http://repo1.maven.org/maven2/org/fusesource/jansi/jansi/1.4/jansi-1.4.jar
downloading http://repo1.maven.org/maven2/org/fusesource/jansi/jansi/1.4/jansi-1.4.jar ...
	Maven Central: downloading http://repo1.maven.org/maven2/org/fusesource/jansi/jansi/1.4/jansi-1.4.jar
		to C:\Users\pkufashuo400\.ivy2\cache\org.fusesource.jansi\jansi\jars\jansi-1.4.jar.part
sha1 file found for http://repo1.maven.org/maven2/org/fusesource/jansi/jansi/1.4/jansi-1.4.jar: checking...
	Maven Central: downloading http://repo1.maven.org/maven2/org/fusesource/jansi/jansi/1.4/jansi-1.4.jar.sha1
		to C:\Users\PKUFAS~1\AppData\Local\Temp\ivytmp5238873843001172194sha1
sha1 OK for http://repo1.maven.org/maven2/org/fusesource/jansi/jansi/1.4/jansi-1.4.jar
	[SUCCESSFUL ] org.fusesource.jansi#jansi;1.4!jansi.jar (1390ms)
:: resolution report :: resolve 31526ms :: artifacts dl 181600ms
Nbr of module to sort : 4
Sort dependencies of : org.scala-lang#scala-compiler;2.9.0 / Number of dependencies = 2
Sort dependencies of : org.scala-lang#scala-library;2.9.0 / Number of dependencies = 0
Sort done for : org.scala-lang#scala-library;2.9.0
Sort dependencies of : org.scala-lang#jline;2.9.0 / Number of dependencies = 1
Sort dependencies of : org.fusesource.jansi#jansi;1.4 / Number of dependencies = 1
Sort done for : org.fusesource.jansi#jansi;1.4
Sort done for : org.scala-lang#jline;2.9.0
Sort done for : org.scala-lang#scala-compiler;2.9.0
Module descriptor is processed : org.scala-lang#scala-library;2.9.0
Module descriptor is processed : org.scala-lang#jline;2.9.0
Module descriptor is processed : org.fusesource.jansi#jansi;1.4
	report for org.scala-tools.sbt#boot-scala;1.0 default produced in C:\Users\pkufashuo400\.ivy2\cache\org.scala-tools.sbt-boot-scala-default.xml
	resolve done (31526ms resolve - 181600ms download)
:: retrieving :: org.scala-tools.sbt#boot-scala
	checkUpToDate=true
no explicit confs given for retrieve, using ivy file: C:\Users\pkufashuo400\.ivy2\cache\resolved-org.scala-tools.sbt-boot-scala-1.0.xml
using ivy parser to parse C:\Users\pkufashuo400\.ivy2\cache\resolved-org.scala-tools.sbt-boot-scala-1.0.xml
post 1.3 ivy file: using exact as default matcher
	confs: [default]
	retrieving C:\Users\pkufashuo400\.ivy2\cache\org.scala-lang\jline\jars\jline-2.9.0.jar
		to D:\Coding\yabe-lift\project\boot\scala-2.9.0\lib\jline.jar
	retrieving C:\Users\pkufashuo400\.ivy2\cache\org.scala-lang\scala-library\jars\scala-library-2.9.0.jar
		to D:\Coding\yabe-lift\project\boot\scala-2.9.0\lib\scala-library.jar
	retrieving C:\Users\pkufashuo400\.ivy2\cache\org.fusesource.jansi\jansi\jars\jansi-1.4.jar
		to D:\Coding\yabe-lift\project\boot\scala-2.9.0\lib\jansi.jar
	retrieving C:\Users\pkufashuo400\.ivy2\cache\org.scala-lang\scala-compiler\jars\scala-compiler-2.9.0.jar
		to D:\Coding\yabe-lift\project\boot\scala-2.9.0\lib\scala-compiler.jar
	4 artifacts copied, 0 already retrieved (20442kB/2830ms)
	retrieve done (2830ms)
